2024-01-25 16:00:16,875 - ERROR - Port Error. Most likely Modbus unplugged or device drivers not alllowing serial communication. Error message :  Cannot configure port, something went wrong. Original message: PermissionError(13, 'A device attached to the system is not functioning.', None, 31)
2024-01-25 16:00:21,277 - ERROR - Port Error. Most likely Modbus unplugged or device drivers not alllowing serial communication. Error message :  Cannot configure port, something went wrong. Original message: PermissionError(13, 'A device attached to the system is not functioning.', None, 31)
2024-01-25 16:01:15,920 - ERROR - Port Error. Most likely Modbus unplugged or device drivers not alllowing serial communication. Error message :  Cannot configure port, something went wrong. Original message: PermissionError(13, 'A device attached to the system is not functioning.', None, 31)
2024-01-25 16:02:04,343 - ERROR - Port Error. Most likely Modbus unplugged or device drivers not alllowing serial communication. Error message :  Cannot configure port, something went wrong. Original message: PermissionError(13, 'A device attached to the system is not functioning.', None, 31)
2024-01-25 16:02:40,872 - ERROR - Port Error. Most likely Modbus unplugged or device drivers not alllowing serial communication. Error message :  Cannot configure port, something went wrong. Original message: PermissionError(13, 'A device attached to the system is not functioning.', None, 31)
2024-01-25 16:02:45,842 - ERROR - Port Error. Most likely Modbus unplugged or device drivers not alllowing serial communication. Error message :  Cannot configure port, something went wrong. Original message: PermissionError(13, 'A device attached to the system is not functioning.', None, 31)
2024-01-25 16:02:50,588 - ERROR - Port Error. Most likely Modbus unplugged or device drivers not alllowing serial communication. Error message :  Cannot configure port, something went wrong. Original message: PermissionError(13, 'A device attached to the system is not functioning.', None, 31)
2024-01-25 16:03:42,612 - ERROR - Port Error. Most likely Modbus unplugged or device drivers not alllowing serial communication. Error message :  Cannot configure port, something went wrong. Original message: PermissionError(13, 'A device attached to the system is not functioning.', None, 31)
2024-01-25 16:03:47,989 - ERROR - Port Error. Most likely Modbus unplugged or device drivers not alllowing serial communication. Error message :  Cannot configure port, something went wrong. Original message: PermissionError(13, 'A device attached to the system is not functioning.', None, 31)
2024-01-25 16:03:59,934 - ERROR - Port Error. Most likely Modbus unplugged or device drivers not alllowing serial communication. Error message :  Cannot configure port, something went wrong. Original message: PermissionError(13, 'A device attached to the system is not functioning.', None, 31)
2024-01-29 09:29:21,071 - ERROR - Port Error. Most likely Modbus unplugged or device drivers not alllowing serial communication. Error message :  Cannot configure port, something went wrong. Original message: PermissionError(13, 'A device attached to the system is not functioning.', None, 31)
2024-01-29 09:30:46,990 - ERROR - Port Error. Most likely Modbus unplugged or device drivers not alllowing serial communication. Error message :  Cannot configure port, something went wrong. Original message: PermissionError(13, 'A device attached to the system is not functioning.', None, 31)
2024-01-29 09:30:57,655 - ERROR - Port Error. Most likely Modbus unplugged or device drivers not alllowing serial communication. Error message :  Cannot configure port, something went wrong. Original message: PermissionError(13, 'A device attached to the system is not functioning.', None, 31)
2024-01-29 09:31:01,464 - ERROR - Port Error. Most likely Modbus unplugged or device drivers not alllowing serial communication. Error message :  Cannot configure port, something went wrong. Original message: PermissionError(13, 'A device attached to the system is not functioning.', None, 31)
2024-01-29 09:52:56,548 - ERROR - Port Error. Most likely Modbus unplugged or device drivers not alllowing serial communication. Error message :  could not open port 'COM5': FileNotFoundError(2, 'The system cannot find the file specified.', None, 2)
2024-01-29 09:54:59,459 - ERROR - Port Error. Most likely Modbus unplugged or device drivers not alllowing serial communication. Error message :  could not open port 'COM5': FileNotFoundError(2, 'The system cannot find the file specified.', None, 2)
2024-01-29 09:55:17,629 - ERROR - Port Error. Most likely Modbus unplugged or device drivers not alllowing serial communication. Error message :  Cannot configure port, something went wrong. Original message: PermissionError(13, 'A device attached to the system is not functioning.', None, 31)
2024-01-29 09:55:53,271 - ERROR - Port Error. Most likely Modbus unplugged or device drivers not alllowing serial communication. Error message :  Cannot configure port, something went wrong. Original message: PermissionError(13, 'A device attached to the system is not functioning.', None, 31)
2024-01-29 09:56:16,500 - ERROR - Port Error. Most likely Modbus unplugged or device drivers not alllowing serial communication. Error message :  Cannot configure port, something went wrong. Original message: PermissionError(13, 'A device attached to the system is not functioning.', None, 31)
2024-01-29 09:57:17,831 - ERROR - Port Error. Most likely Modbus unplugged or device drivers not alllowing serial communication. Error message :  Cannot configure port, something went wrong. Original message: PermissionError(13, 'A device attached to the system is not functioning.', None, 31)
2024-01-29 09:57:39,796 - ERROR - Port Error. Most likely Modbus unplugged or device drivers not alllowing serial communication. Error message :  Cannot configure port, something went wrong. Original message: PermissionError(13, 'A device attached to the system is not functioning.', None, 31)
2024-01-29 09:58:28,895 - ERROR - Port Error. Most likely Modbus unplugged or device drivers not alllowing serial communication. Error message :  Cannot configure port, something went wrong. Original message: PermissionError(13, 'A device attached to the system is not functioning.', None, 31)
2024-01-29 09:58:52,580 - ERROR - Port Error. Most likely Modbus unplugged or device drivers not alllowing serial communication. Error message :  Cannot configure port, something went wrong. Original message: PermissionError(13, 'A device attached to the system is not functioning.', None, 31)
2024-01-29 10:00:03,304 - ERROR - Port Error. Most likely Modbus unplugged or device drivers not alllowing serial communication. Error message :  Cannot configure port, something went wrong. Original message: PermissionError(13, 'A device attached to the system is not functioning.', None, 31)
2024-01-29 10:02:41,069 - ERROR - Port Error. Most likely Modbus unplugged or device drivers not alllowing serial communication. Error message :  Cannot configure port, something went wrong. Original message: PermissionError(13, 'A device attached to the system is not functioning.', None, 31)
2024-01-29 10:02:46,459 - ERROR - Port Error. Most likely Modbus unplugged or device drivers not alllowing serial communication. Error message :  Cannot configure port, something went wrong. Original message: PermissionError(13, 'A device attached to the system is not functioning.', None, 31)
2024-01-29 10:02:58,971 - ERROR - Port Error. Most likely Modbus unplugged or device drivers not alllowing serial communication. Error message :  Cannot configure port, something went wrong. Original message: PermissionError(13, 'A device attached to the system is not functioning.', None, 31)
2024-01-29 10:03:09,833 - ERROR - Port Error. Most likely Modbus unplugged or device drivers not alllowing serial communication. Error message :  Cannot configure port, something went wrong. Original message: PermissionError(13, 'A device attached to the system is not functioning.', None, 31)
2024-01-29 10:03:36,272 - ERROR - Port Error. Most likely Modbus unplugged or device drivers not alllowing serial communication. Error message :  Cannot configure port, something went wrong. Original message: PermissionError(13, 'A device attached to the system is not functioning.', None, 31)
2024-01-29 10:04:42,036 - ERROR - Port Error. Most likely Modbus unplugged or device drivers not alllowing serial communication. Error message :  Cannot configure port, something went wrong. Original message: PermissionError(13, 'A device attached to the system is not functioning.', None, 31)
2024-01-29 10:05:35,683 - ERROR - Port Error. Most likely Modbus unplugged or device drivers not alllowing serial communication. Error message :  Cannot configure port, something went wrong. Original message: PermissionError(13, 'A device attached to the system is not functioning.', None, 31)
2024-01-29 10:07:02,956 - ERROR - Port Error. Most likely Modbus unplugged or device drivers not alllowing serial communication. Error message :  Cannot configure port, something went wrong. Original message: PermissionError(13, 'A device attached to the system is not functioning.', None, 31)
2024-01-29 10:10:41,250 - CRITICAL - Not Expected Error. Error message : SQL.push() missing 2 required positional arguments: 'voltage2' and 'relay_values'
2024-01-29 10:10:44,103 - CRITICAL - Not Expected Error. Error message : SQL.push() missing 2 required positional arguments: 'voltage2' and 'relay_values'
2024-01-29 10:10:44,103 - CRITICAL - Not Expected Error. Error message : SQL.push() missing 2 required positional arguments: 'voltage2' and 'relay_values'
2024-01-29 10:10:46,965 - CRITICAL - Not Expected Error. Error message : SQL.push() missing 2 required positional arguments: 'voltage2' and 'relay_values'
2024-01-29 10:10:46,965 - CRITICAL - Not Expected Error. Error message : SQL.push() missing 2 required positional arguments: 'voltage2' and 'relay_values'
2024-01-29 10:10:46,965 - CRITICAL - Not Expected Error. Error message : SQL.push() missing 2 required positional arguments: 'voltage2' and 'relay_values'
2024-01-29 10:10:49,820 - CRITICAL - Not Expected Error. Error message : SQL.push() missing 2 required positional arguments: 'voltage2' and 'relay_values'
2024-01-29 10:10:49,820 - CRITICAL - Not Expected Error. Error message : SQL.push() missing 2 required positional arguments: 'voltage2' and 'relay_values'
2024-01-29 10:10:49,820 - CRITICAL - Not Expected Error. Error message : SQL.push() missing 2 required positional arguments: 'voltage2' and 'relay_values'
2024-01-29 10:10:49,820 - CRITICAL - Not Expected Error. Error message : SQL.push() missing 2 required positional arguments: 'voltage2' and 'relay_values'
2024-01-29 10:10:52,665 - CRITICAL - Not Expected Error. Error message : SQL.push() missing 2 required positional arguments: 'voltage2' and 'relay_values'
2024-01-29 10:10:52,665 - CRITICAL - Not Expected Error. Error message : SQL.push() missing 2 required positional arguments: 'voltage2' and 'relay_values'
2024-01-29 10:10:52,665 - CRITICAL - Not Expected Error. Error message : SQL.push() missing 2 required positional arguments: 'voltage2' and 'relay_values'
2024-01-29 10:10:52,665 - CRITICAL - Not Expected Error. Error message : SQL.push() missing 2 required positional arguments: 'voltage2' and 'relay_values'
2024-01-29 10:10:52,665 - CRITICAL - Not Expected Error. Error message : SQL.push() missing 2 required positional arguments: 'voltage2' and 'relay_values'
2024-01-29 10:10:55,520 - CRITICAL - Not Expected Error. Error message : SQL.push() missing 2 required positional arguments: 'voltage2' and 'relay_values'
2024-01-29 10:10:55,520 - CRITICAL - Not Expected Error. Error message : SQL.push() missing 2 required positional arguments: 'voltage2' and 'relay_values'
2024-01-29 10:10:55,520 - CRITICAL - Not Expected Error. Error message : SQL.push() missing 2 required positional arguments: 'voltage2' and 'relay_values'
2024-01-29 10:10:55,520 - CRITICAL - Not Expected Error. Error message : SQL.push() missing 2 required positional arguments: 'voltage2' and 'relay_values'
2024-01-29 10:10:55,520 - CRITICAL - Not Expected Error. Error message : SQL.push() missing 2 required positional arguments: 'voltage2' and 'relay_values'
2024-01-29 10:10:55,520 - CRITICAL - Not Expected Error. Error message : SQL.push() missing 2 required positional arguments: 'voltage2' and 'relay_values'
2024-01-29 10:10:58,388 - CRITICAL - Not Expected Error. Error message : SQL.push() missing 2 required positional arguments: 'voltage2' and 'relay_values'
2024-01-29 10:10:58,388 - CRITICAL - Not Expected Error. Error message : SQL.push() missing 2 required positional arguments: 'voltage2' and 'relay_values'
2024-01-29 10:10:58,388 - CRITICAL - Not Expected Error. Error message : SQL.push() missing 2 required positional arguments: 'voltage2' and 'relay_values'
2024-01-29 10:10:58,388 - CRITICAL - Not Expected Error. Error message : SQL.push() missing 2 required positional arguments: 'voltage2' and 'relay_values'
2024-01-29 10:10:58,388 - CRITICAL - Not Expected Error. Error message : SQL.push() missing 2 required positional arguments: 'voltage2' and 'relay_values'
2024-01-29 10:10:58,388 - CRITICAL - Not Expected Error. Error message : SQL.push() missing 2 required positional arguments: 'voltage2' and 'relay_values'
2024-01-29 10:10:58,388 - CRITICAL - Not Expected Error. Error message : SQL.push() missing 2 required positional arguments: 'voltage2' and 'relay_values'
2024-01-29 10:11:01,243 - CRITICAL - Not Expected Error. Error message : SQL.push() missing 2 required positional arguments: 'voltage2' and 'relay_values'
2024-01-29 10:11:01,243 - CRITICAL - Not Expected Error. Error message : SQL.push() missing 2 required positional arguments: 'voltage2' and 'relay_values'
2024-01-29 10:11:01,243 - CRITICAL - Not Expected Error. Error message : SQL.push() missing 2 required positional arguments: 'voltage2' and 'relay_values'
2024-01-29 10:11:01,243 - CRITICAL - Not Expected Error. Error message : SQL.push() missing 2 required positional arguments: 'voltage2' and 'relay_values'
2024-01-29 10:11:01,243 - CRITICAL - Not Expected Error. Error message : SQL.push() missing 2 required positional arguments: 'voltage2' and 'relay_values'
2024-01-29 10:11:01,243 - CRITICAL - Not Expected Error. Error message : SQL.push() missing 2 required positional arguments: 'voltage2' and 'relay_values'
2024-01-29 10:11:01,243 - CRITICAL - Not Expected Error. Error message : SQL.push() missing 2 required positional arguments: 'voltage2' and 'relay_values'
2024-01-29 10:11:01,243 - CRITICAL - Not Expected Error. Error message : SQL.push() missing 2 required positional arguments: 'voltage2' and 'relay_values'
2024-01-29 10:11:04,085 - CRITICAL - Not Expected Error. Error message : SQL.push() missing 2 required positional arguments: 'voltage2' and 'relay_values'
2024-01-29 10:11:04,085 - CRITICAL - Not Expected Error. Error message : SQL.push() missing 2 required positional arguments: 'voltage2' and 'relay_values'
2024-01-29 10:11:04,085 - CRITICAL - Not Expected Error. Error message : SQL.push() missing 2 required positional arguments: 'voltage2' and 'relay_values'
2024-01-29 10:11:04,085 - CRITICAL - Not Expected Error. Error message : SQL.push() missing 2 required positional arguments: 'voltage2' and 'relay_values'
2024-01-29 10:11:04,085 - CRITICAL - Not Expected Error. Error message : SQL.push() missing 2 required positional arguments: 'voltage2' and 'relay_values'
2024-01-29 10:11:04,085 - CRITICAL - Not Expected Error. Error message : SQL.push() missing 2 required positional arguments: 'voltage2' and 'relay_values'
2024-01-29 10:11:04,085 - CRITICAL - Not Expected Error. Error message : SQL.push() missing 2 required positional arguments: 'voltage2' and 'relay_values'
2024-01-29 10:11:04,085 - CRITICAL - Not Expected Error. Error message : SQL.push() missing 2 required positional arguments: 'voltage2' and 'relay_values'
2024-01-29 10:11:04,085 - CRITICAL - Not Expected Error. Error message : SQL.push() missing 2 required positional arguments: 'voltage2' and 'relay_values'
2024-01-29 10:11:06,934 - CRITICAL - Not Expected Error. Error message : SQL.push() missing 2 required positional arguments: 'voltage2' and 'relay_values'
2024-01-29 10:11:06,934 - CRITICAL - Not Expected Error. Error message : SQL.push() missing 2 required positional arguments: 'voltage2' and 'relay_values'
2024-01-29 10:11:06,934 - CRITICAL - Not Expected Error. Error message : SQL.push() missing 2 required positional arguments: 'voltage2' and 'relay_values'
2024-01-29 10:11:06,934 - CRITICAL - Not Expected Error. Error message : SQL.push() missing 2 required positional arguments: 'voltage2' and 'relay_values'
2024-01-29 10:11:06,934 - CRITICAL - Not Expected Error. Error message : SQL.push() missing 2 required positional arguments: 'voltage2' and 'relay_values'
2024-01-29 10:11:06,934 - CRITICAL - Not Expected Error. Error message : SQL.push() missing 2 required positional arguments: 'voltage2' and 'relay_values'
2024-01-29 10:11:06,934 - CRITICAL - Not Expected Error. Error message : SQL.push() missing 2 required positional arguments: 'voltage2' and 'relay_values'
2024-01-29 10:11:06,934 - CRITICAL - Not Expected Error. Error message : SQL.push() missing 2 required positional arguments: 'voltage2' and 'relay_values'
2024-01-29 10:11:06,934 - CRITICAL - Not Expected Error. Error message : SQL.push() missing 2 required positional arguments: 'voltage2' and 'relay_values'
2024-01-29 10:11:06,934 - CRITICAL - Not Expected Error. Error message : SQL.push() missing 2 required positional arguments: 'voltage2' and 'relay_values'
2024-01-29 10:11:09,800 - CRITICAL - Not Expected Error. Error message : SQL.push() missing 2 required positional arguments: 'voltage2' and 'relay_values'
2024-01-29 10:11:09,800 - CRITICAL - Not Expected Error. Error message : SQL.push() missing 2 required positional arguments: 'voltage2' and 'relay_values'
2024-01-29 10:11:09,800 - CRITICAL - Not Expected Error. Error message : SQL.push() missing 2 required positional arguments: 'voltage2' and 'relay_values'
2024-01-29 10:11:09,800 - CRITICAL - Not Expected Error. Error message : SQL.push() missing 2 required positional arguments: 'voltage2' and 'relay_values'
2024-01-29 10:11:09,800 - CRITICAL - Not Expected Error. Error message : SQL.push() missing 2 required positional arguments: 'voltage2' and 'relay_values'
2024-01-29 10:11:09,800 - CRITICAL - Not Expected Error. Error message : SQL.push() missing 2 required positional arguments: 'voltage2' and 'relay_values'
2024-01-29 10:11:09,800 - CRITICAL - Not Expected Error. Error message : SQL.push() missing 2 required positional arguments: 'voltage2' and 'relay_values'
2024-01-29 10:11:09,800 - CRITICAL - Not Expected Error. Error message : SQL.push() missing 2 required positional arguments: 'voltage2' and 'relay_values'
2024-01-29 10:11:09,800 - CRITICAL - Not Expected Error. Error message : SQL.push() missing 2 required positional arguments: 'voltage2' and 'relay_values'
2024-01-29 10:11:09,800 - CRITICAL - Not Expected Error. Error message : SQL.push() missing 2 required positional arguments: 'voltage2' and 'relay_values'
2024-01-29 10:11:09,800 - CRITICAL - Not Expected Error. Error message : SQL.push() missing 2 required positional arguments: 'voltage2' and 'relay_values'
2024-01-29 10:11:12,653 - CRITICAL - Not Expected Error. Error message : SQL.push() missing 2 required positional arguments: 'voltage2' and 'relay_values'
2024-01-29 10:11:12,653 - CRITICAL - Not Expected Error. Error message : SQL.push() missing 2 required positional arguments: 'voltage2' and 'relay_values'
2024-01-29 10:11:12,653 - CRITICAL - Not Expected Error. Error message : SQL.push() missing 2 required positional arguments: 'voltage2' and 'relay_values'
2024-01-29 10:11:12,653 - CRITICAL - Not Expected Error. Error message : SQL.push() missing 2 required positional arguments: 'voltage2' and 'relay_values'
2024-01-29 10:11:12,653 - CRITICAL - Not Expected Error. Error message : SQL.push() missing 2 required positional arguments: 'voltage2' and 'relay_values'
2024-01-29 10:11:12,653 - CRITICAL - Not Expected Error. Error message : SQL.push() missing 2 required positional arguments: 'voltage2' and 'relay_values'
2024-01-29 10:11:12,653 - CRITICAL - Not Expected Error. Error message : SQL.push() missing 2 required positional arguments: 'voltage2' and 'relay_values'
2024-01-29 10:11:12,653 - CRITICAL - Not Expected Error. Error message : SQL.push() missing 2 required positional arguments: 'voltage2' and 'relay_values'
2024-01-29 10:11:12,653 - CRITICAL - Not Expected Error. Error message : SQL.push() missing 2 required positional arguments: 'voltage2' and 'relay_values'
2024-01-29 10:11:12,653 - CRITICAL - Not Expected Error. Error message : SQL.push() missing 2 required positional arguments: 'voltage2' and 'relay_values'
2024-01-29 10:11:12,653 - CRITICAL - Not Expected Error. Error message : SQL.push() missing 2 required positional arguments: 'voltage2' and 'relay_values'
2024-01-29 10:11:12,653 - CRITICAL - Not Expected Error. Error message : SQL.push() missing 2 required positional arguments: 'voltage2' and 'relay_values'
2024-01-29 10:11:15,504 - CRITICAL - Not Expected Error. Error message : SQL.push() missing 2 required positional arguments: 'voltage2' and 'relay_values'
2024-01-29 10:11:15,504 - CRITICAL - Not Expected Error. Error message : SQL.push() missing 2 required positional arguments: 'voltage2' and 'relay_values'
2024-01-29 10:11:15,504 - CRITICAL - Not Expected Error. Error message : SQL.push() missing 2 required positional arguments: 'voltage2' and 'relay_values'
2024-01-29 10:11:15,504 - CRITICAL - Not Expected Error. Error message : SQL.push() missing 2 required positional arguments: 'voltage2' and 'relay_values'
2024-01-29 10:11:15,504 - CRITICAL - Not Expected Error. Error message : SQL.push() missing 2 required positional arguments: 'voltage2' and 'relay_values'
2024-01-29 10:11:15,504 - CRITICAL - Not Expected Error. Error message : SQL.push() missing 2 required positional arguments: 'voltage2' and 'relay_values'
2024-01-29 10:11:15,504 - CRITICAL - Not Expected Error. Error message : SQL.push() missing 2 required positional arguments: 'voltage2' and 'relay_values'
2024-01-29 10:11:15,504 - CRITICAL - Not Expected Error. Error message : SQL.push() missing 2 required positional arguments: 'voltage2' and 'relay_values'
2024-01-29 10:11:15,504 - CRITICAL - Not Expected Error. Error message : SQL.push() missing 2 required positional arguments: 'voltage2' and 'relay_values'
2024-01-29 10:11:15,504 - CRITICAL - Not Expected Error. Error message : SQL.push() missing 2 required positional arguments: 'voltage2' and 'relay_values'
2024-01-29 10:11:15,504 - CRITICAL - Not Expected Error. Error message : SQL.push() missing 2 required positional arguments: 'voltage2' and 'relay_values'
2024-01-29 10:11:15,504 - CRITICAL - Not Expected Error. Error message : SQL.push() missing 2 required positional arguments: 'voltage2' and 'relay_values'
2024-01-29 10:11:15,504 - CRITICAL - Not Expected Error. Error message : SQL.push() missing 2 required positional arguments: 'voltage2' and 'relay_values'
2024-01-29 10:11:18,365 - CRITICAL - Not Expected Error. Error message : SQL.push() missing 2 required positional arguments: 'voltage2' and 'relay_values'
2024-01-29 10:11:18,365 - CRITICAL - Not Expected Error. Error message : SQL.push() missing 2 required positional arguments: 'voltage2' and 'relay_values'
2024-01-29 10:11:18,365 - CRITICAL - Not Expected Error. Error message : SQL.push() missing 2 required positional arguments: 'voltage2' and 'relay_values'
2024-01-29 10:11:18,365 - CRITICAL - Not Expected Error. Error message : SQL.push() missing 2 required positional arguments: 'voltage2' and 'relay_values'
2024-01-29 10:11:18,365 - CRITICAL - Not Expected Error. Error message : SQL.push() missing 2 required positional arguments: 'voltage2' and 'relay_values'
2024-01-29 10:11:18,365 - CRITICAL - Not Expected Error. Error message : SQL.push() missing 2 required positional arguments: 'voltage2' and 'relay_values'
2024-01-29 10:11:18,365 - CRITICAL - Not Expected Error. Error message : SQL.push() missing 2 required positional arguments: 'voltage2' and 'relay_values'
2024-01-29 10:11:18,365 - CRITICAL - Not Expected Error. Error message : SQL.push() missing 2 required positional arguments: 'voltage2' and 'relay_values'
2024-01-29 10:11:18,365 - CRITICAL - Not Expected Error. Error message : SQL.push() missing 2 required positional arguments: 'voltage2' and 'relay_values'
2024-01-29 10:11:18,365 - CRITICAL - Not Expected Error. Error message : SQL.push() missing 2 required positional arguments: 'voltage2' and 'relay_values'
2024-01-29 10:11:18,365 - CRITICAL - Not Expected Error. Error message : SQL.push() missing 2 required positional arguments: 'voltage2' and 'relay_values'
2024-01-29 10:11:18,365 - CRITICAL - Not Expected Error. Error message : SQL.push() missing 2 required positional arguments: 'voltage2' and 'relay_values'
2024-01-29 10:11:18,365 - CRITICAL - Not Expected Error. Error message : SQL.push() missing 2 required positional arguments: 'voltage2' and 'relay_values'
2024-01-29 10:11:18,365 - CRITICAL - Not Expected Error. Error message : SQL.push() missing 2 required positional arguments: 'voltage2' and 'relay_values'
2024-01-29 10:11:21,223 - CRITICAL - Not Expected Error. Error message : SQL.push() missing 2 required positional arguments: 'voltage2' and 'relay_values'
2024-01-29 10:11:21,223 - CRITICAL - Not Expected Error. Error message : SQL.push() missing 2 required positional arguments: 'voltage2' and 'relay_values'
2024-01-29 10:11:21,223 - CRITICAL - Not Expected Error. Error message : SQL.push() missing 2 required positional arguments: 'voltage2' and 'relay_values'
2024-01-29 10:11:21,223 - CRITICAL - Not Expected Error. Error message : SQL.push() missing 2 required positional arguments: 'voltage2' and 'relay_values'
2024-01-29 10:11:21,223 - CRITICAL - Not Expected Error. Error message : SQL.push() missing 2 required positional arguments: 'voltage2' and 'relay_values'
2024-01-29 10:11:21,223 - CRITICAL - Not Expected Error. Error message : SQL.push() missing 2 required positional arguments: 'voltage2' and 'relay_values'
2024-01-29 10:11:21,223 - CRITICAL - Not Expected Error. Error message : SQL.push() missing 2 required positional arguments: 'voltage2' and 'relay_values'
2024-01-29 10:11:21,223 - CRITICAL - Not Expected Error. Error message : SQL.push() missing 2 required positional arguments: 'voltage2' and 'relay_values'
2024-01-29 10:11:21,223 - CRITICAL - Not Expected Error. Error message : SQL.push() missing 2 required positional arguments: 'voltage2' and 'relay_values'
2024-01-29 10:11:21,223 - CRITICAL - Not Expected Error. Error message : SQL.push() missing 2 required positional arguments: 'voltage2' and 'relay_values'
2024-01-29 10:11:21,223 - CRITICAL - Not Expected Error. Error message : SQL.push() missing 2 required positional arguments: 'voltage2' and 'relay_values'
2024-01-29 10:11:21,223 - CRITICAL - Not Expected Error. Error message : SQL.push() missing 2 required positional arguments: 'voltage2' and 'relay_values'
2024-01-29 10:11:21,223 - CRITICAL - Not Expected Error. Error message : SQL.push() missing 2 required positional arguments: 'voltage2' and 'relay_values'
2024-01-29 10:11:21,223 - CRITICAL - Not Expected Error. Error message : SQL.push() missing 2 required positional arguments: 'voltage2' and 'relay_values'
2024-01-29 10:11:21,223 - CRITICAL - Not Expected Error. Error message : SQL.push() missing 2 required positional arguments: 'voltage2' and 'relay_values'
2024-01-29 10:11:24,078 - CRITICAL - Not Expected Error. Error message : SQL.push() missing 2 required positional arguments: 'voltage2' and 'relay_values'
2024-01-29 10:11:24,078 - CRITICAL - Not Expected Error. Error message : SQL.push() missing 2 required positional arguments: 'voltage2' and 'relay_values'
2024-01-29 10:11:24,078 - CRITICAL - Not Expected Error. Error message : SQL.push() missing 2 required positional arguments: 'voltage2' and 'relay_values'
2024-01-29 10:11:24,078 - CRITICAL - Not Expected Error. Error message : SQL.push() missing 2 required positional arguments: 'voltage2' and 'relay_values'
2024-01-29 10:11:24,078 - CRITICAL - Not Expected Error. Error message : SQL.push() missing 2 required positional arguments: 'voltage2' and 'relay_values'
2024-01-29 10:11:24,078 - CRITICAL - Not Expected Error. Error message : SQL.push() missing 2 required positional arguments: 'voltage2' and 'relay_values'
2024-01-29 10:11:24,078 - CRITICAL - Not Expected Error. Error message : SQL.push() missing 2 required positional arguments: 'voltage2' and 'relay_values'
2024-01-29 10:11:24,078 - CRITICAL - Not Expected Error. Error message : SQL.push() missing 2 required positional arguments: 'voltage2' and 'relay_values'
2024-01-29 10:11:24,078 - CRITICAL - Not Expected Error. Error message : SQL.push() missing 2 required positional arguments: 'voltage2' and 'relay_values'
2024-01-29 10:11:24,078 - CRITICAL - Not Expected Error. Error message : SQL.push() missing 2 required positional arguments: 'voltage2' and 'relay_values'
2024-01-29 10:11:24,078 - CRITICAL - Not Expected Error. Error message : SQL.push() missing 2 required positional arguments: 'voltage2' and 'relay_values'
2024-01-29 10:11:24,078 - CRITICAL - Not Expected Error. Error message : SQL.push() missing 2 required positional arguments: 'voltage2' and 'relay_values'
2024-01-29 10:11:24,078 - CRITICAL - Not Expected Error. Error message : SQL.push() missing 2 required positional arguments: 'voltage2' and 'relay_values'
2024-01-29 10:11:24,078 - CRITICAL - Not Expected Error. Error message : SQL.push() missing 2 required positional arguments: 'voltage2' and 'relay_values'
2024-01-29 10:11:24,078 - CRITICAL - Not Expected Error. Error message : SQL.push() missing 2 required positional arguments: 'voltage2' and 'relay_values'
2024-01-29 10:11:24,078 - CRITICAL - Not Expected Error. Error message : SQL.push() missing 2 required positional arguments: 'voltage2' and 'relay_values'
2024-01-29 10:11:46,223 - CRITICAL - Not Expected Error. Error message : SQL.push() missing 2 required positional arguments: 'voltage2' and 'relay_values'
2024-01-29 10:11:49,073 - CRITICAL - Not Expected Error. Error message : SQL.push() missing 2 required positional arguments: 'voltage2' and 'relay_values'
2024-01-29 10:11:49,073 - CRITICAL - Not Expected Error. Error message : SQL.push() missing 2 required positional arguments: 'voltage2' and 'relay_values'
2024-01-29 10:11:51,933 - CRITICAL - Not Expected Error. Error message : SQL.push() missing 2 required positional arguments: 'voltage2' and 'relay_values'
2024-01-29 10:11:51,933 - CRITICAL - Not Expected Error. Error message : SQL.push() missing 2 required positional arguments: 'voltage2' and 'relay_values'
2024-01-29 10:11:51,933 - CRITICAL - Not Expected Error. Error message : SQL.push() missing 2 required positional arguments: 'voltage2' and 'relay_values'
2024-01-29 10:11:54,796 - CRITICAL - Not Expected Error. Error message : SQL.push() missing 2 required positional arguments: 'voltage2' and 'relay_values'
2024-01-29 10:11:54,796 - CRITICAL - Not Expected Error. Error message : SQL.push() missing 2 required positional arguments: 'voltage2' and 'relay_values'
2024-01-29 10:11:54,796 - CRITICAL - Not Expected Error. Error message : SQL.push() missing 2 required positional arguments: 'voltage2' and 'relay_values'
2024-01-29 10:11:54,796 - CRITICAL - Not Expected Error. Error message : SQL.push() missing 2 required positional arguments: 'voltage2' and 'relay_values'
2024-01-29 10:11:57,639 - CRITICAL - Not Expected Error. Error message : SQL.push() missing 2 required positional arguments: 'voltage2' and 'relay_values'
2024-01-29 10:11:57,639 - CRITICAL - Not Expected Error. Error message : SQL.push() missing 2 required positional arguments: 'voltage2' and 'relay_values'
2024-01-29 10:11:57,639 - CRITICAL - Not Expected Error. Error message : SQL.push() missing 2 required positional arguments: 'voltage2' and 'relay_values'
2024-01-29 10:11:57,639 - CRITICAL - Not Expected Error. Error message : SQL.push() missing 2 required positional arguments: 'voltage2' and 'relay_values'
2024-01-29 10:11:57,639 - CRITICAL - Not Expected Error. Error message : SQL.push() missing 2 required positional arguments: 'voltage2' and 'relay_values'
2024-01-29 10:12:00,493 - CRITICAL - Not Expected Error. Error message : SQL.push() missing 2 required positional arguments: 'voltage2' and 'relay_values'
2024-01-29 10:12:00,493 - CRITICAL - Not Expected Error. Error message : SQL.push() missing 2 required positional arguments: 'voltage2' and 'relay_values'
2024-01-29 10:12:00,493 - CRITICAL - Not Expected Error. Error message : SQL.push() missing 2 required positional arguments: 'voltage2' and 'relay_values'
2024-01-29 10:12:00,493 - CRITICAL - Not Expected Error. Error message : SQL.push() missing 2 required positional arguments: 'voltage2' and 'relay_values'
2024-01-29 10:12:00,493 - CRITICAL - Not Expected Error. Error message : SQL.push() missing 2 required positional arguments: 'voltage2' and 'relay_values'
2024-01-29 10:12:00,493 - CRITICAL - Not Expected Error. Error message : SQL.push() missing 2 required positional arguments: 'voltage2' and 'relay_values'
2024-01-29 10:12:03,330 - CRITICAL - Not Expected Error. Error message : SQL.push() missing 2 required positional arguments: 'voltage2' and 'relay_values'
2024-01-29 10:12:03,330 - CRITICAL - Not Expected Error. Error message : SQL.push() missing 2 required positional arguments: 'voltage2' and 'relay_values'
2024-01-29 10:12:03,330 - CRITICAL - Not Expected Error. Error message : SQL.push() missing 2 required positional arguments: 'voltage2' and 'relay_values'
2024-01-29 10:12:03,330 - CRITICAL - Not Expected Error. Error message : SQL.push() missing 2 required positional arguments: 'voltage2' and 'relay_values'
2024-01-29 10:12:03,330 - CRITICAL - Not Expected Error. Error message : SQL.push() missing 2 required positional arguments: 'voltage2' and 'relay_values'
2024-01-29 10:12:03,330 - CRITICAL - Not Expected Error. Error message : SQL.push() missing 2 required positional arguments: 'voltage2' and 'relay_values'
2024-01-29 10:12:03,330 - CRITICAL - Not Expected Error. Error message : SQL.push() missing 2 required positional arguments: 'voltage2' and 'relay_values'
2024-01-29 10:12:13,422 - CRITICAL - Not Expected Error. Error message : name 'current1' is not defined
2024-01-29 10:12:16,268 - CRITICAL - Not Expected Error. Error message : name 'current1' is not defined
2024-01-29 10:12:16,268 - CRITICAL - Not Expected Error. Error message : name 'current1' is not defined
2024-01-29 10:12:19,116 - CRITICAL - Not Expected Error. Error message : name 'current1' is not defined
2024-01-29 10:12:19,116 - CRITICAL - Not Expected Error. Error message : name 'current1' is not defined
2024-01-29 10:12:19,116 - CRITICAL - Not Expected Error. Error message : name 'current1' is not defined
2024-01-29 10:12:21,961 - CRITICAL - Not Expected Error. Error message : name 'current1' is not defined
2024-01-29 10:12:21,961 - CRITICAL - Not Expected Error. Error message : name 'current1' is not defined
2024-01-29 10:12:21,961 - CRITICAL - Not Expected Error. Error message : name 'current1' is not defined
2024-01-29 10:12:21,961 - CRITICAL - Not Expected Error. Error message : name 'current1' is not defined
2024-01-29 10:12:24,829 - CRITICAL - Not Expected Error. Error message : name 'current1' is not defined
2024-01-29 10:12:24,829 - CRITICAL - Not Expected Error. Error message : name 'current1' is not defined
2024-01-29 10:12:24,829 - CRITICAL - Not Expected Error. Error message : name 'current1' is not defined
2024-01-29 10:12:24,829 - CRITICAL - Not Expected Error. Error message : name 'current1' is not defined
2024-01-29 10:12:24,829 - CRITICAL - Not Expected Error. Error message : name 'current1' is not defined
2024-01-29 10:12:27,681 - CRITICAL - Not Expected Error. Error message : name 'current1' is not defined
2024-01-29 10:12:27,681 - CRITICAL - Not Expected Error. Error message : name 'current1' is not defined
2024-01-29 10:12:27,681 - CRITICAL - Not Expected Error. Error message : name 'current1' is not defined
2024-01-29 10:12:27,681 - CRITICAL - Not Expected Error. Error message : name 'current1' is not defined
2024-01-29 10:12:27,681 - CRITICAL - Not Expected Error. Error message : name 'current1' is not defined
2024-01-29 10:12:27,681 - CRITICAL - Not Expected Error. Error message : name 'current1' is not defined
2024-01-29 10:12:30,542 - CRITICAL - Not Expected Error. Error message : name 'current1' is not defined
2024-01-29 10:12:30,542 - CRITICAL - Not Expected Error. Error message : name 'current1' is not defined
2024-01-29 10:12:30,542 - CRITICAL - Not Expected Error. Error message : name 'current1' is not defined
2024-01-29 10:12:30,542 - CRITICAL - Not Expected Error. Error message : name 'current1' is not defined
2024-01-29 10:12:30,542 - CRITICAL - Not Expected Error. Error message : name 'current1' is not defined
2024-01-29 10:12:30,542 - CRITICAL - Not Expected Error. Error message : name 'current1' is not defined
2024-01-29 10:12:30,542 - CRITICAL - Not Expected Error. Error message : name 'current1' is not defined
2024-01-29 10:12:33,410 - CRITICAL - Not Expected Error. Error message : name 'current1' is not defined
2024-01-29 10:12:33,410 - CRITICAL - Not Expected Error. Error message : name 'current1' is not defined
2024-01-29 10:12:33,410 - CRITICAL - Not Expected Error. Error message : name 'current1' is not defined
2024-01-29 10:12:33,410 - CRITICAL - Not Expected Error. Error message : name 'current1' is not defined
2024-01-29 10:12:33,410 - CRITICAL - Not Expected Error. Error message : name 'current1' is not defined
2024-01-29 10:12:33,410 - CRITICAL - Not Expected Error. Error message : name 'current1' is not defined
2024-01-29 10:12:33,410 - CRITICAL - Not Expected Error. Error message : name 'current1' is not defined
2024-01-29 10:12:33,410 - CRITICAL - Not Expected Error. Error message : name 'current1' is not defined
2024-01-29 10:34:23,201 - CRITICAL - Not Expected Error. Error message : 1054 (42S22): Unknown column 'None' in 'field list'
2024-01-29 10:34:27,326 - CRITICAL - Not Expected Error. Error message : unsupported operand type(s) for +: 'NoneType' and 'NoneType'
2024-01-29 10:34:27,326 - CRITICAL - Not Expected Error. Error message : unsupported operand type(s) for +: 'NoneType' and 'NoneType'
2024-01-29 10:34:31,463 - CRITICAL - Not Expected Error. Error message : unsupported operand type(s) for +: 'NoneType' and 'NoneType'
2024-01-29 10:34:31,463 - CRITICAL - Not Expected Error. Error message : unsupported operand type(s) for +: 'NoneType' and 'NoneType'
2024-01-29 10:34:31,463 - CRITICAL - Not Expected Error. Error message : unsupported operand type(s) for +: 'NoneType' and 'NoneType'
2024-01-29 10:34:35,583 - CRITICAL - Not Expected Error. Error message : unsupported operand type(s) for +: 'NoneType' and 'NoneType'
2024-01-29 10:34:35,583 - CRITICAL - Not Expected Error. Error message : unsupported operand type(s) for +: 'NoneType' and 'NoneType'
2024-01-29 10:34:35,583 - CRITICAL - Not Expected Error. Error message : unsupported operand type(s) for +: 'NoneType' and 'NoneType'
2024-01-29 10:34:35,583 - CRITICAL - Not Expected Error. Error message : unsupported operand type(s) for +: 'NoneType' and 'NoneType'
2024-01-29 10:34:39,711 - CRITICAL - Not Expected Error. Error message : unsupported operand type(s) for +: 'NoneType' and 'NoneType'
2024-01-29 10:34:39,711 - CRITICAL - Not Expected Error. Error message : unsupported operand type(s) for +: 'NoneType' and 'NoneType'
2024-01-29 10:34:39,711 - CRITICAL - Not Expected Error. Error message : unsupported operand type(s) for +: 'NoneType' and 'NoneType'
2024-01-29 10:34:39,711 - CRITICAL - Not Expected Error. Error message : unsupported operand type(s) for +: 'NoneType' and 'NoneType'
2024-01-29 10:34:39,711 - CRITICAL - Not Expected Error. Error message : unsupported operand type(s) for +: 'NoneType' and 'NoneType'
2024-01-29 10:34:43,830 - CRITICAL - Not Expected Error. Error message : unsupported operand type(s) for +: 'NoneType' and 'NoneType'
2024-01-29 10:34:43,830 - CRITICAL - Not Expected Error. Error message : unsupported operand type(s) for +: 'NoneType' and 'NoneType'
2024-01-29 10:34:43,830 - CRITICAL - Not Expected Error. Error message : unsupported operand type(s) for +: 'NoneType' and 'NoneType'
2024-01-29 10:34:43,830 - CRITICAL - Not Expected Error. Error message : unsupported operand type(s) for +: 'NoneType' and 'NoneType'
2024-01-29 10:34:43,830 - CRITICAL - Not Expected Error. Error message : unsupported operand type(s) for +: 'NoneType' and 'NoneType'
2024-01-29 10:34:43,830 - CRITICAL - Not Expected Error. Error message : unsupported operand type(s) for +: 'NoneType' and 'NoneType'
2024-01-29 10:34:47,965 - CRITICAL - Not Expected Error. Error message : unsupported operand type(s) for +: 'NoneType' and 'NoneType'
2024-01-29 10:34:47,965 - CRITICAL - Not Expected Error. Error message : unsupported operand type(s) for +: 'NoneType' and 'NoneType'
2024-01-29 10:34:47,965 - CRITICAL - Not Expected Error. Error message : unsupported operand type(s) for +: 'NoneType' and 'NoneType'
2024-01-29 10:34:47,965 - CRITICAL - Not Expected Error. Error message : unsupported operand type(s) for +: 'NoneType' and 'NoneType'
2024-01-29 10:34:47,965 - CRITICAL - Not Expected Error. Error message : unsupported operand type(s) for +: 'NoneType' and 'NoneType'
2024-01-29 10:34:47,965 - CRITICAL - Not Expected Error. Error message : unsupported operand type(s) for +: 'NoneType' and 'NoneType'
2024-01-29 10:34:47,965 - CRITICAL - Not Expected Error. Error message : unsupported operand type(s) for +: 'NoneType' and 'NoneType'
2024-01-29 10:34:52,087 - CRITICAL - Not Expected Error. Error message : unsupported operand type(s) for +: 'NoneType' and 'NoneType'
2024-01-29 10:34:52,087 - CRITICAL - Not Expected Error. Error message : unsupported operand type(s) for +: 'NoneType' and 'NoneType'
2024-01-29 10:34:52,087 - CRITICAL - Not Expected Error. Error message : unsupported operand type(s) for +: 'NoneType' and 'NoneType'
2024-01-29 10:34:52,087 - CRITICAL - Not Expected Error. Error message : unsupported operand type(s) for +: 'NoneType' and 'NoneType'
2024-01-29 10:34:52,087 - CRITICAL - Not Expected Error. Error message : unsupported operand type(s) for +: 'NoneType' and 'NoneType'
2024-01-29 10:34:52,087 - CRITICAL - Not Expected Error. Error message : unsupported operand type(s) for +: 'NoneType' and 'NoneType'
2024-01-29 10:34:52,087 - CRITICAL - Not Expected Error. Error message : unsupported operand type(s) for +: 'NoneType' and 'NoneType'
2024-01-29 10:34:52,087 - CRITICAL - Not Expected Error. Error message : unsupported operand type(s) for +: 'NoneType' and 'NoneType'
2024-01-29 10:34:56,211 - CRITICAL - Not Expected Error. Error message : unsupported operand type(s) for +: 'NoneType' and 'NoneType'
2024-01-29 10:34:56,211 - CRITICAL - Not Expected Error. Error message : unsupported operand type(s) for +: 'NoneType' and 'NoneType'
2024-01-29 10:34:56,211 - CRITICAL - Not Expected Error. Error message : unsupported operand type(s) for +: 'NoneType' and 'NoneType'
2024-01-29 10:34:56,211 - CRITICAL - Not Expected Error. Error message : unsupported operand type(s) for +: 'NoneType' and 'NoneType'
2024-01-29 10:34:56,211 - CRITICAL - Not Expected Error. Error message : unsupported operand type(s) for +: 'NoneType' and 'NoneType'
2024-01-29 10:34:56,211 - CRITICAL - Not Expected Error. Error message : unsupported operand type(s) for +: 'NoneType' and 'NoneType'
2024-01-29 10:34:56,211 - CRITICAL - Not Expected Error. Error message : unsupported operand type(s) for +: 'NoneType' and 'NoneType'
2024-01-29 10:34:56,211 - CRITICAL - Not Expected Error. Error message : unsupported operand type(s) for +: 'NoneType' and 'NoneType'
2024-01-29 10:34:56,211 - CRITICAL - Not Expected Error. Error message : unsupported operand type(s) for +: 'NoneType' and 'NoneType'
2024-01-29 10:35:00,337 - CRITICAL - Not Expected Error. Error message : unsupported operand type(s) for +: 'NoneType' and 'NoneType'
2024-01-29 10:35:00,337 - CRITICAL - Not Expected Error. Error message : unsupported operand type(s) for +: 'NoneType' and 'NoneType'
2024-01-29 10:35:00,337 - CRITICAL - Not Expected Error. Error message : unsupported operand type(s) for +: 'NoneType' and 'NoneType'
2024-01-29 10:35:00,337 - CRITICAL - Not Expected Error. Error message : unsupported operand type(s) for +: 'NoneType' and 'NoneType'
2024-01-29 10:35:00,337 - CRITICAL - Not Expected Error. Error message : unsupported operand type(s) for +: 'NoneType' and 'NoneType'
2024-01-29 10:35:00,337 - CRITICAL - Not Expected Error. Error message : unsupported operand type(s) for +: 'NoneType' and 'NoneType'
2024-01-29 10:35:00,337 - CRITICAL - Not Expected Error. Error message : unsupported operand type(s) for +: 'NoneType' and 'NoneType'
2024-01-29 10:35:00,337 - CRITICAL - Not Expected Error. Error message : unsupported operand type(s) for +: 'NoneType' and 'NoneType'
2024-01-29 10:35:00,337 - CRITICAL - Not Expected Error. Error message : unsupported operand type(s) for +: 'NoneType' and 'NoneType'
2024-01-29 10:35:00,337 - CRITICAL - Not Expected Error. Error message : unsupported operand type(s) for +: 'NoneType' and 'NoneType'
2024-01-29 10:35:04,463 - CRITICAL - Not Expected Error. Error message : unsupported operand type(s) for +: 'NoneType' and 'NoneType'
2024-01-29 10:35:04,463 - CRITICAL - Not Expected Error. Error message : unsupported operand type(s) for +: 'NoneType' and 'NoneType'
2024-01-29 10:35:04,463 - CRITICAL - Not Expected Error. Error message : unsupported operand type(s) for +: 'NoneType' and 'NoneType'
2024-01-29 10:35:04,463 - CRITICAL - Not Expected Error. Error message : unsupported operand type(s) for +: 'NoneType' and 'NoneType'
2024-01-29 10:35:04,463 - CRITICAL - Not Expected Error. Error message : unsupported operand type(s) for +: 'NoneType' and 'NoneType'
2024-01-29 10:35:04,463 - CRITICAL - Not Expected Error. Error message : unsupported operand type(s) for +: 'NoneType' and 'NoneType'
2024-01-29 10:35:04,463 - CRITICAL - Not Expected Error. Error message : unsupported operand type(s) for +: 'NoneType' and 'NoneType'
2024-01-29 10:35:04,463 - CRITICAL - Not Expected Error. Error message : unsupported operand type(s) for +: 'NoneType' and 'NoneType'
2024-01-29 10:35:04,463 - CRITICAL - Not Expected Error. Error message : unsupported operand type(s) for +: 'NoneType' and 'NoneType'
2024-01-29 10:35:04,463 - CRITICAL - Not Expected Error. Error message : unsupported operand type(s) for +: 'NoneType' and 'NoneType'
2024-01-29 10:35:04,463 - CRITICAL - Not Expected Error. Error message : unsupported operand type(s) for +: 'NoneType' and 'NoneType'
2024-01-29 10:35:08,576 - CRITICAL - Not Expected Error. Error message : unsupported operand type(s) for +: 'NoneType' and 'NoneType'
2024-01-29 10:35:08,576 - CRITICAL - Not Expected Error. Error message : unsupported operand type(s) for +: 'NoneType' and 'NoneType'
2024-01-29 10:35:08,576 - CRITICAL - Not Expected Error. Error message : unsupported operand type(s) for +: 'NoneType' and 'NoneType'
2024-01-29 10:35:08,576 - CRITICAL - Not Expected Error. Error message : unsupported operand type(s) for +: 'NoneType' and 'NoneType'
2024-01-29 10:35:08,576 - CRITICAL - Not Expected Error. Error message : unsupported operand type(s) for +: 'NoneType' and 'NoneType'
2024-01-29 10:35:08,576 - CRITICAL - Not Expected Error. Error message : unsupported operand type(s) for +: 'NoneType' and 'NoneType'
2024-01-29 10:35:08,576 - CRITICAL - Not Expected Error. Error message : unsupported operand type(s) for +: 'NoneType' and 'NoneType'
2024-01-29 10:35:08,576 - CRITICAL - Not Expected Error. Error message : unsupported operand type(s) for +: 'NoneType' and 'NoneType'
2024-01-29 10:35:08,576 - CRITICAL - Not Expected Error. Error message : unsupported operand type(s) for +: 'NoneType' and 'NoneType'
2024-01-29 10:35:08,576 - CRITICAL - Not Expected Error. Error message : unsupported operand type(s) for +: 'NoneType' and 'NoneType'
2024-01-29 10:35:08,576 - CRITICAL - Not Expected Error. Error message : unsupported operand type(s) for +: 'NoneType' and 'NoneType'
2024-01-29 10:35:08,576 - CRITICAL - Not Expected Error. Error message : unsupported operand type(s) for +: 'NoneType' and 'NoneType'
2024-01-29 10:35:12,699 - CRITICAL - Not Expected Error. Error message : unsupported operand type(s) for +: 'NoneType' and 'NoneType'
2024-01-29 10:35:12,699 - CRITICAL - Not Expected Error. Error message : unsupported operand type(s) for +: 'NoneType' and 'NoneType'
2024-01-29 10:35:12,699 - CRITICAL - Not Expected Error. Error message : unsupported operand type(s) for +: 'NoneType' and 'NoneType'
2024-01-29 10:35:12,699 - CRITICAL - Not Expected Error. Error message : unsupported operand type(s) for +: 'NoneType' and 'NoneType'
2024-01-29 10:35:12,699 - CRITICAL - Not Expected Error. Error message : unsupported operand type(s) for +: 'NoneType' and 'NoneType'
2024-01-29 10:35:12,699 - CRITICAL - Not Expected Error. Error message : unsupported operand type(s) for +: 'NoneType' and 'NoneType'
2024-01-29 10:35:12,699 - CRITICAL - Not Expected Error. Error message : unsupported operand type(s) for +: 'NoneType' and 'NoneType'
2024-01-29 10:35:12,699 - CRITICAL - Not Expected Error. Error message : unsupported operand type(s) for +: 'NoneType' and 'NoneType'
2024-01-29 10:35:12,699 - CRITICAL - Not Expected Error. Error message : unsupported operand type(s) for +: 'NoneType' and 'NoneType'
2024-01-29 10:35:12,699 - CRITICAL - Not Expected Error. Error message : unsupported operand type(s) for +: 'NoneType' and 'NoneType'
2024-01-29 10:35:12,699 - CRITICAL - Not Expected Error. Error message : unsupported operand type(s) for +: 'NoneType' and 'NoneType'
2024-01-29 10:35:12,699 - CRITICAL - Not Expected Error. Error message : unsupported operand type(s) for +: 'NoneType' and 'NoneType'
2024-01-29 10:35:12,699 - CRITICAL - Not Expected Error. Error message : unsupported operand type(s) for +: 'NoneType' and 'NoneType'
2024-01-29 10:35:16,826 - CRITICAL - Not Expected Error. Error message : unsupported operand type(s) for +: 'NoneType' and 'NoneType'
2024-01-29 10:35:16,826 - CRITICAL - Not Expected Error. Error message : unsupported operand type(s) for +: 'NoneType' and 'NoneType'
2024-01-29 10:35:16,826 - CRITICAL - Not Expected Error. Error message : unsupported operand type(s) for +: 'NoneType' and 'NoneType'
2024-01-29 10:35:16,826 - CRITICAL - Not Expected Error. Error message : unsupported operand type(s) for +: 'NoneType' and 'NoneType'
2024-01-29 10:35:16,826 - CRITICAL - Not Expected Error. Error message : unsupported operand type(s) for +: 'NoneType' and 'NoneType'
2024-01-29 10:35:16,826 - CRITICAL - Not Expected Error. Error message : unsupported operand type(s) for +: 'NoneType' and 'NoneType'
2024-01-29 10:35:16,826 - CRITICAL - Not Expected Error. Error message : unsupported operand type(s) for +: 'NoneType' and 'NoneType'
2024-01-29 10:35:16,826 - CRITICAL - Not Expected Error. Error message : unsupported operand type(s) for +: 'NoneType' and 'NoneType'
2024-01-29 10:35:16,826 - CRITICAL - Not Expected Error. Error message : unsupported operand type(s) for +: 'NoneType' and 'NoneType'
2024-01-29 10:35:16,826 - CRITICAL - Not Expected Error. Error message : unsupported operand type(s) for +: 'NoneType' and 'NoneType'
2024-01-29 10:35:16,826 - CRITICAL - Not Expected Error. Error message : unsupported operand type(s) for +: 'NoneType' and 'NoneType'
2024-01-29 10:35:16,826 - CRITICAL - Not Expected Error. Error message : unsupported operand type(s) for +: 'NoneType' and 'NoneType'
2024-01-29 10:35:16,826 - CRITICAL - Not Expected Error. Error message : unsupported operand type(s) for +: 'NoneType' and 'NoneType'
2024-01-29 10:35:16,826 - CRITICAL - Not Expected Error. Error message : unsupported operand type(s) for +: 'NoneType' and 'NoneType'
2024-01-29 10:35:20,947 - CRITICAL - Not Expected Error. Error message : unsupported operand type(s) for +: 'NoneType' and 'NoneType'
2024-01-29 10:35:20,947 - CRITICAL - Not Expected Error. Error message : unsupported operand type(s) for +: 'NoneType' and 'NoneType'
2024-01-29 10:35:20,947 - CRITICAL - Not Expected Error. Error message : unsupported operand type(s) for +: 'NoneType' and 'NoneType'
2024-01-29 10:35:20,947 - CRITICAL - Not Expected Error. Error message : unsupported operand type(s) for +: 'NoneType' and 'NoneType'
2024-01-29 10:35:20,947 - CRITICAL - Not Expected Error. Error message : unsupported operand type(s) for +: 'NoneType' and 'NoneType'
2024-01-29 10:35:20,947 - CRITICAL - Not Expected Error. Error message : unsupported operand type(s) for +: 'NoneType' and 'NoneType'
2024-01-29 10:35:20,947 - CRITICAL - Not Expected Error. Error message : unsupported operand type(s) for +: 'NoneType' and 'NoneType'
2024-01-29 10:35:20,947 - CRITICAL - Not Expected Error. Error message : unsupported operand type(s) for +: 'NoneType' and 'NoneType'
2024-01-29 10:35:20,947 - CRITICAL - Not Expected Error. Error message : unsupported operand type(s) for +: 'NoneType' and 'NoneType'
2024-01-29 10:35:20,947 - CRITICAL - Not Expected Error. Error message : unsupported operand type(s) for +: 'NoneType' and 'NoneType'
2024-01-29 10:35:20,947 - CRITICAL - Not Expected Error. Error message : unsupported operand type(s) for +: 'NoneType' and 'NoneType'
2024-01-29 10:35:20,947 - CRITICAL - Not Expected Error. Error message : unsupported operand type(s) for +: 'NoneType' and 'NoneType'
2024-01-29 10:35:20,947 - CRITICAL - Not Expected Error. Error message : unsupported operand type(s) for +: 'NoneType' and 'NoneType'
2024-01-29 10:35:20,947 - CRITICAL - Not Expected Error. Error message : unsupported operand type(s) for +: 'NoneType' and 'NoneType'
2024-01-29 10:35:20,947 - CRITICAL - Not Expected Error. Error message : unsupported operand type(s) for +: 'NoneType' and 'NoneType'
2024-01-29 10:35:25,076 - CRITICAL - Not Expected Error. Error message : unsupported operand type(s) for +: 'NoneType' and 'NoneType'
2024-01-29 10:35:25,076 - CRITICAL - Not Expected Error. Error message : unsupported operand type(s) for +: 'NoneType' and 'NoneType'
2024-01-29 10:35:25,076 - CRITICAL - Not Expected Error. Error message : unsupported operand type(s) for +: 'NoneType' and 'NoneType'
2024-01-29 10:35:25,076 - CRITICAL - Not Expected Error. Error message : unsupported operand type(s) for +: 'NoneType' and 'NoneType'
2024-01-29 10:35:25,076 - CRITICAL - Not Expected Error. Error message : unsupported operand type(s) for +: 'NoneType' and 'NoneType'
2024-01-29 10:35:25,076 - CRITICAL - Not Expected Error. Error message : unsupported operand type(s) for +: 'NoneType' and 'NoneType'
2024-01-29 10:35:25,076 - CRITICAL - Not Expected Error. Error message : unsupported operand type(s) for +: 'NoneType' and 'NoneType'
2024-01-29 10:35:25,076 - CRITICAL - Not Expected Error. Error message : unsupported operand type(s) for +: 'NoneType' and 'NoneType'
2024-01-29 10:35:25,076 - CRITICAL - Not Expected Error. Error message : unsupported operand type(s) for +: 'NoneType' and 'NoneType'
2024-01-29 10:35:25,076 - CRITICAL - Not Expected Error. Error message : unsupported operand type(s) for +: 'NoneType' and 'NoneType'
2024-01-29 10:35:25,076 - CRITICAL - Not Expected Error. Error message : unsupported operand type(s) for +: 'NoneType' and 'NoneType'
2024-01-29 10:35:25,076 - CRITICAL - Not Expected Error. Error message : unsupported operand type(s) for +: 'NoneType' and 'NoneType'
2024-01-29 10:35:25,076 - CRITICAL - Not Expected Error. Error message : unsupported operand type(s) for +: 'NoneType' and 'NoneType'
2024-01-29 10:35:25,076 - CRITICAL - Not Expected Error. Error message : unsupported operand type(s) for +: 'NoneType' and 'NoneType'
2024-01-29 10:35:25,076 - CRITICAL - Not Expected Error. Error message : unsupported operand type(s) for +: 'NoneType' and 'NoneType'
2024-01-29 10:35:25,076 - CRITICAL - Not Expected Error. Error message : unsupported operand type(s) for +: 'NoneType' and 'NoneType'
2024-01-29 10:35:29,203 - CRITICAL - Not Expected Error. Error message : unsupported operand type(s) for +: 'NoneType' and 'NoneType'
2024-01-29 10:35:29,203 - CRITICAL - Not Expected Error. Error message : unsupported operand type(s) for +: 'NoneType' and 'NoneType'
2024-01-29 10:35:29,203 - CRITICAL - Not Expected Error. Error message : unsupported operand type(s) for +: 'NoneType' and 'NoneType'
2024-01-29 10:35:29,203 - CRITICAL - Not Expected Error. Error message : unsupported operand type(s) for +: 'NoneType' and 'NoneType'
2024-01-29 10:35:29,203 - CRITICAL - Not Expected Error. Error message : unsupported operand type(s) for +: 'NoneType' and 'NoneType'
2024-01-29 10:35:29,203 - CRITICAL - Not Expected Error. Error message : unsupported operand type(s) for +: 'NoneType' and 'NoneType'
2024-01-29 10:35:29,203 - CRITICAL - Not Expected Error. Error message : unsupported operand type(s) for +: 'NoneType' and 'NoneType'
2024-01-29 10:35:29,203 - CRITICAL - Not Expected Error. Error message : unsupported operand type(s) for +: 'NoneType' and 'NoneType'
2024-01-29 10:35:29,203 - CRITICAL - Not Expected Error. Error message : unsupported operand type(s) for +: 'NoneType' and 'NoneType'
2024-01-29 10:35:29,203 - CRITICAL - Not Expected Error. Error message : unsupported operand type(s) for +: 'NoneType' and 'NoneType'
2024-01-29 10:35:29,203 - CRITICAL - Not Expected Error. Error message : unsupported operand type(s) for +: 'NoneType' and 'NoneType'
2024-01-29 10:35:29,203 - CRITICAL - Not Expected Error. Error message : unsupported operand type(s) for +: 'NoneType' and 'NoneType'
2024-01-29 10:35:29,203 - CRITICAL - Not Expected Error. Error message : unsupported operand type(s) for +: 'NoneType' and 'NoneType'
2024-01-29 10:35:29,203 - CRITICAL - Not Expected Error. Error message : unsupported operand type(s) for +: 'NoneType' and 'NoneType'
2024-01-29 10:35:29,203 - CRITICAL - Not Expected Error. Error message : unsupported operand type(s) for +: 'NoneType' and 'NoneType'
2024-01-29 10:35:29,203 - CRITICAL - Not Expected Error. Error message : unsupported operand type(s) for +: 'NoneType' and 'NoneType'
2024-01-29 10:35:29,203 - CRITICAL - Not Expected Error. Error message : unsupported operand type(s) for +: 'NoneType' and 'NoneType'
2024-01-29 10:35:33,338 - CRITICAL - Not Expected Error. Error message : unsupported operand type(s) for +: 'NoneType' and 'NoneType'
2024-01-29 10:35:33,338 - CRITICAL - Not Expected Error. Error message : unsupported operand type(s) for +: 'NoneType' and 'NoneType'
2024-01-29 10:35:33,338 - CRITICAL - Not Expected Error. Error message : unsupported operand type(s) for +: 'NoneType' and 'NoneType'
2024-01-29 10:35:33,338 - CRITICAL - Not Expected Error. Error message : unsupported operand type(s) for +: 'NoneType' and 'NoneType'
2024-01-29 10:35:33,338 - CRITICAL - Not Expected Error. Error message : unsupported operand type(s) for +: 'NoneType' and 'NoneType'
2024-01-29 10:35:33,338 - CRITICAL - Not Expected Error. Error message : unsupported operand type(s) for +: 'NoneType' and 'NoneType'
2024-01-29 10:35:33,338 - CRITICAL - Not Expected Error. Error message : unsupported operand type(s) for +: 'NoneType' and 'NoneType'
2024-01-29 10:35:33,338 - CRITICAL - Not Expected Error. Error message : unsupported operand type(s) for +: 'NoneType' and 'NoneType'
2024-01-29 10:35:33,338 - CRITICAL - Not Expected Error. Error message : unsupported operand type(s) for +: 'NoneType' and 'NoneType'
2024-01-29 10:35:33,338 - CRITICAL - Not Expected Error. Error message : unsupported operand type(s) for +: 'NoneType' and 'NoneType'
2024-01-29 10:35:33,338 - CRITICAL - Not Expected Error. Error message : unsupported operand type(s) for +: 'NoneType' and 'NoneType'
2024-01-29 10:35:33,338 - CRITICAL - Not Expected Error. Error message : unsupported operand type(s) for +: 'NoneType' and 'NoneType'
2024-01-29 10:35:33,338 - CRITICAL - Not Expected Error. Error message : unsupported operand type(s) for +: 'NoneType' and 'NoneType'
2024-01-29 10:35:33,338 - CRITICAL - Not Expected Error. Error message : unsupported operand type(s) for +: 'NoneType' and 'NoneType'
2024-01-29 10:35:33,338 - CRITICAL - Not Expected Error. Error message : unsupported operand type(s) for +: 'NoneType' and 'NoneType'
2024-01-29 10:35:33,338 - CRITICAL - Not Expected Error. Error message : unsupported operand type(s) for +: 'NoneType' and 'NoneType'
2024-01-29 10:35:33,338 - CRITICAL - Not Expected Error. Error message : unsupported operand type(s) for +: 'NoneType' and 'NoneType'
2024-01-29 10:35:33,338 - CRITICAL - Not Expected Error. Error message : unsupported operand type(s) for +: 'NoneType' and 'NoneType'
2024-01-29 10:35:37,461 - CRITICAL - Not Expected Error. Error message : unsupported operand type(s) for +: 'NoneType' and 'NoneType'
2024-01-29 10:35:37,461 - CRITICAL - Not Expected Error. Error message : unsupported operand type(s) for +: 'NoneType' and 'NoneType'
2024-01-29 10:35:37,461 - CRITICAL - Not Expected Error. Error message : unsupported operand type(s) for +: 'NoneType' and 'NoneType'
2024-01-29 10:35:37,461 - CRITICAL - Not Expected Error. Error message : unsupported operand type(s) for +: 'NoneType' and 'NoneType'
2024-01-29 10:35:37,461 - CRITICAL - Not Expected Error. Error message : unsupported operand type(s) for +: 'NoneType' and 'NoneType'
2024-01-29 10:35:37,461 - CRITICAL - Not Expected Error. Error message : unsupported operand type(s) for +: 'NoneType' and 'NoneType'
2024-01-29 10:35:37,461 - CRITICAL - Not Expected Error. Error message : unsupported operand type(s) for +: 'NoneType' and 'NoneType'
2024-01-29 10:35:37,461 - CRITICAL - Not Expected Error. Error message : unsupported operand type(s) for +: 'NoneType' and 'NoneType'
2024-01-29 10:35:37,461 - CRITICAL - Not Expected Error. Error message : unsupported operand type(s) for +: 'NoneType' and 'NoneType'
2024-01-29 10:35:37,461 - CRITICAL - Not Expected Error. Error message : unsupported operand type(s) for +: 'NoneType' and 'NoneType'
2024-01-29 10:35:37,461 - CRITICAL - Not Expected Error. Error message : unsupported operand type(s) for +: 'NoneType' and 'NoneType'
2024-01-29 10:35:37,461 - CRITICAL - Not Expected Error. Error message : unsupported operand type(s) for +: 'NoneType' and 'NoneType'
2024-01-29 10:35:37,461 - CRITICAL - Not Expected Error. Error message : unsupported operand type(s) for +: 'NoneType' and 'NoneType'
2024-01-29 10:35:37,461 - CRITICAL - Not Expected Error. Error message : unsupported operand type(s) for +: 'NoneType' and 'NoneType'
2024-01-29 10:35:37,461 - CRITICAL - Not Expected Error. Error message : unsupported operand type(s) for +: 'NoneType' and 'NoneType'
2024-01-29 10:35:37,461 - CRITICAL - Not Expected Error. Error message : unsupported operand type(s) for +: 'NoneType' and 'NoneType'
2024-01-29 10:35:37,461 - CRITICAL - Not Expected Error. Error message : unsupported operand type(s) for +: 'NoneType' and 'NoneType'
2024-01-29 10:35:37,461 - CRITICAL - Not Expected Error. Error message : unsupported operand type(s) for +: 'NoneType' and 'NoneType'
2024-01-29 10:35:37,461 - CRITICAL - Not Expected Error. Error message : unsupported operand type(s) for +: 'NoneType' and 'NoneType'
